**
(main.tex
LaTeX2e <2021-11-15> patch level 1
L3 programming layer <2022-02-24> (report.cls
Document Class: report 2021/10/04 v1.4n Standard LaTeX document class
(size12.clo
File: size12.clo 2021/10/04 v1.4n Standard LaTeX file (size option)
)
\c@part=\count181
\c@chapter=\count182
\c@section=\count183
\c@subsection=\count184
\c@subsubsection=\count185
\c@paragraph=\count186
\c@subparagraph=\count187
\c@figure=\count188
\c@table=\count189
\abovecaptionskip=\skip47
\belowcaptionskip=\skip48
\bibindent=\dimen138
) (preamble (fontenc.sty
Package: fontenc 2021/04/29 v2.0v Standard LaTeX package
LaTeX Font Info:    Trying to load font information for T1+lmr on input line 11
2.
 (t1lmr.fd
File: t1lmr.fd 2015/05/01 v1.6.1 Font defs for Latin Modern
)) (inputenc.sty
Package: inputenc 2021/02/14 v1.3d Input encoding file
\inpenc@prehook=\toks16
\inpenc@posthook=\toks17


Package inputenc Warning: inputenc package ignored with utf8 based engines.

) (babel.sty
Package: babel 2022/02/26 3.73 The Babel package
\babel@savecnt=\count190
\U@D=\dimen139
\l@unhyphenated=\language87
 (xebabel.def (txtbabel.def))
\bbl@readstream=\read2
\bbl@dirlevel=\count191
 (english.ldf
Language: english 2017/06/06 v3.3r English support from the babel system
Package babel Info: Hyphen rules for 'canadian' set to \l@english
(babel)             (\language0). Reported on input line 102.
Package babel Info: Hyphen rules for 'australian' set to \l@ukenglish
(babel)             (\language21). Reported on input line 105.
Package babel Info: Hyphen rules for 'newzealand' set to \l@ukenglish
(babel)             (\language21). Reported on input line 108.
)) (lmodern.sty
Package: lmodern 2015/05/01 v1.6.1 Latin Modern Fonts
LaTeX Font Info:    Overwriting symbol font `operators' in version `normal'
(Font)                  OT1/cmr/m/n --> OT1/lmr/m/n on input line 22.
LaTeX Font Info:    Overwriting symbol font `letters' in version `normal'
(Font)                  OML/cmm/m/it --> OML/lmm/m/it on input line 23.
LaTeX Font Info:    Overwriting symbol font `symbols' in version `normal'
(Font)                  OMS/cmsy/m/n --> OMS/lmsy/m/n on input line 24.
LaTeX Font Info:    Overwriting symbol font `largesymbols' in version `normal'
(Font)                  OMX/cmex/m/n --> OMX/lmex/m/n on input line 25.
LaTeX Font Info:    Overwriting symbol font `operators' in version `bold'
(Font)                  OT1/cmr/bx/n --> OT1/lmr/bx/n on input line 26.
LaTeX Font Info:    Overwriting symbol font `letters' in version `bold'
(Font)                  OML/cmm/b/it --> OML/lmm/b/it on input line 27.
LaTeX Font Info:    Overwriting symbol font `symbols' in version `bold'
(Font)                  OMS/cmsy/b/n --> OMS/lmsy/b/n on input line 28.
LaTeX Font Info:    Overwriting symbol font `largesymbols' in version `bold'
(Font)                  OMX/cmex/m/n --> OMX/lmex/m/n on input line 29.
LaTeX Font Info:    Overwriting math alphabet `\mathbf' in version `normal'
(Font)                  OT1/cmr/bx/n --> OT1/lmr/bx/n on input line 31.
LaTeX Font Info:    Overwriting math alphabet `\mathsf' in version `normal'
(Font)                  OT1/cmss/m/n --> OT1/lmss/m/n on input line 32.
LaTeX Font Info:    Overwriting math alphabet `\mathit' in version `normal'
(Font)                  OT1/cmr/m/it --> OT1/lmr/m/it on input line 33.
LaTeX Font Info:    Overwriting math alphabet `\mathtt' in version `normal'
(Font)                  OT1/cmtt/m/n --> OT1/lmtt/m/n on input line 34.
LaTeX Font Info:    Overwriting math alphabet `\mathbf' in version `bold'
(Font)                  OT1/cmr/bx/n --> OT1/lmr/bx/n on input line 35.
LaTeX Font Info:    Overwriting math alphabet `\mathsf' in version `bold'
(Font)                  OT1/cmss/bx/n --> OT1/lmss/bx/n on input line 36.
LaTeX Font Info:    Overwriting math alphabet `\mathit' in version `bold'
(Font)                  OT1/cmr/bx/it --> OT1/lmr/bx/it on input line 37.
LaTeX Font Info:    Overwriting math alphabet `\mathtt' in version `bold'
(Font)                  OT1/cmtt/m/n --> OT1/lmtt/m/n on input line 38.
)
(geometry.sty
Package: geometry 2020/01/02 v5.9 Page Geometry
 (keyval.sty
Package: keyval 2014/10/28 v1.15 key=value parser (DPC)
\KV@toks@=\toks18
) (ifvtex.sty
Package: ifvtex 2019/10/25 v1.7 ifvtex legacy package. Use iftex instead.
 (iftex.sty
Package: iftex 2022/02/03 v1.0f TeX engine tests
))
\Gm@cnth=\count192
\Gm@cntv=\count193
\c@Gm@tempcnt=\count194
\Gm@bindingoffset=\dimen140
\Gm@wd@mp=\dimen141
\Gm@odd@mp=\dimen142
\Gm@even@mp=\dimen143
\Gm@layoutwidth=\dimen144
\Gm@layoutheight=\dimen145
\Gm@layouthoffset=\dimen146
\Gm@layoutvoffset=\dimen147
\Gm@dimlist=\toks19
) (graphicx.sty
Package: graphicx 2021/09/16 v1.2d Enhanced LaTeX Graphics (DPC,SPQR)

(graphics.sty
Package: graphics 2021/03/04 v1.4d Standard LaTeX Graphics (DPC,SPQR)
 (trig.sty
Package: trig 2021/08/11 v1.11 sin cos tan (DPC)
) (graphics.cfg
File: graphics.cfg 2016/06/04 v1.11 sample graphics configuration
)
Package graphics Info: Driver file: xetex.def on input line 107.
 (xetex.def
File: xetex.def 2021/03/18 v5.0k Graphics/color driver for xetex
))
\Gin@req@height=\dimen148
\Gin@req@width=\dimen149
) (xcolor.sty
Package: xcolor 2021/10/31 v2.13 LaTeX color extensions (UK)
 (color.cfg
File: color.cfg 2016/01/02 v1.6 sample color configuration
)
Package xcolor Info: Driver file: xetex.def on input line 227.
Package xcolor Info: Model `cmy' substituted by `cmy0' on input line 1352.
Package xcolor Info: Model `RGB' extended on input line 1368.
Package xcolor Info: Model `HTML' substituted by `rgb' on input line 1370.
Package xcolor Info: Model `Hsb' substituted by `hsb' on input line 1371.
Package xcolor Info: Model `tHsb' substituted by `hsb' on input line 1372.
Package xcolor Info: Model `HSB' substituted by `hsb' on input line 1373.
Package xcolor Info: Model `Gray' substituted by `gray' on input line 1374.
Package xcolor Info: Model `wave' substituted by `hsb' on input line 1375.
)
(titlesec.sty
Package: titlesec 2021/07/05 v2.14 Sectioning titles
\ttl@box=\box50
\beforetitleunit=\skip49
\aftertitleunit=\skip50
\ttl@plus=\dimen150
\ttl@minus=\dimen151
\ttl@toksa=\toks20
\titlewidth=\dimen152
\titlewidthlast=\dimen153
\titlewidthfirst=\dimen154
) (fancyhdr.sty
Package: fancyhdr 2021/01/28 v4.0.1 Extensive control of page headers and foote
rs
\f@nch@headwidth=\skip51
\f@nch@O@elh=\skip52
\f@nch@O@erh=\skip53
\f@nch@O@olh=\skip54
\f@nch@O@orh=\skip55
\f@nch@O@elf=\skip56
\f@nch@O@erf=\skip57
\f@nch@O@olf=\skip58
\f@nch@O@orf=\skip59
) (setspace.sty
Package: setspace 2011/12/19 v6.7a set line spacing
) (array.sty
Package: array 2021/10/04 v2.5f Tabular extension package (FMi)
\col@sep=\dimen155
\ar@mcellbox=\box51
\extrarowheight=\dimen156
\NC@list=\toks21
\extratabsurround=\skip60
\backup@length=\skip61
\ar@cellbox=\box52
) (booktabs.sty
Package: booktabs 2020/01/12 v1.61803398 Publication quality tables
\heavyrulewidth=\dimen157
\lightrulewidth=\dimen158
\cmidrulewidth=\dimen159
\belowrulesep=\dimen160
\belowbottomsep=\dimen161
\aboverulesep=\dimen162
\abovetopsep=\dimen163
\cmidrulesep=\dimen164
\cmidrulekern=\dimen165
\defaultaddspace=\dimen166
\@cmidla=\count195
\@cmidlb=\count196
\@aboverulesep=\dimen167
\@belowrulesep=\dimen168
\@thisruleclass=\count197
\@lastruleclass=\count198
\@thisrulewidth=\dimen169
)
(enumitem.sty
Package: enumitem 2019/06/20 v3.9 Customized lists
\labelindent=\skip62
\enit@outerparindent=\dimen170
\enit@toks=\toks22
\enit@inbox=\box53
\enit@count@id=\count199
\enitdp@description=\count266
) (hyperref.sty
Package: hyperref 2022-02-21 v7.00n Hypertext links for LaTeX
 (ltxcmds.sty
Package: ltxcmds 2020-05-10 v1.25 LaTeX kernel commands for general use (HO)
) (pdftexcmds.sty
Package: pdftexcmds 2020-06-27 v0.33 Utility functions of pdfTeX for LuaTeX (HO
)
 (infwarerr.sty
Package: infwarerr 2019/12/03 v1.5 Providing info/warning/error messages (HO)
)
Package pdftexcmds Info: \pdf@primitive is available.
Package pdftexcmds Info: \pdf@ifprimitive is available.
Package pdftexcmds Info: \pdfdraftmode not found.
)
(kvsetkeys.sty
Package: kvsetkeys 2019/12/15 v1.18 Key value parser (HO)
) (kvdefinekeys.sty
Package: kvdefinekeys 2019-12-19 v1.6 Define keys (HO)
) (pdfescape.sty
Package: pdfescape 2019/12/09 v1.15 Implements pdfTeX's escape features (HO)
) (hycolor.sty
Package: hycolor 2020-01-27 v1.10 Color options for hyperref/bookmark (HO)
)
(letltxmacro.sty
Package: letltxmacro 2019/12/03 v1.6 Let assignment for LaTeX macros (HO)
) (auxhook.sty
Package: auxhook 2019-12-17 v1.6 Hooks for auxiliary files (HO)
) (kvoptions.sty
Package: kvoptions 2020-10-07 v3.14 Key value format for package options (HO)
)
\@linkdim=\dimen171
\Hy@linkcounter=\count267
\Hy@pagecounter=\count268
 (pd1enc.def
File: pd1enc.def 2022-02-21 v7.00n Hyperref: PDFDocEncoding definition (HO)
) (intcalc.sty
Package: intcalc 2019/12/15 v1.3 Expandable calculations with integers (HO)
)
(etexcmds.sty
Package: etexcmds 2019/12/15 v1.7 Avoid name clashes with e-TeX commands (HO)
)
\Hy@SavedSpaceFactor=\count269
 (puenc.def
File: puenc.def 2022-02-21 v7.00n Hyperref: PDF Unicode definition (HO)
)
Package hyperref Info: Hyper figures OFF on input line 4137.
Package hyperref Info: Link nesting OFF on input line 4142.
Package hyperref Info: Hyper index ON on input line 4145.
Package hyperref Info: Plain pages OFF on input line 4152.
Package hyperref Info: Backreferencing OFF on input line 4157.
Package hyperref Info: Implicit mode ON; LaTeX internals redefined.
Package hyperref Info: Bookmarks ON on input line 4390.
\c@Hy@tempcnt=\count270
 (url.sty
\Urlmuskip=\muskip16
Package: url 2013/09/16  ver 3.4  Verb mode for urls, etc.
)
LaTeX Info: Redefining \url on input line 4749.
\XeTeXLinkMargin=\dimen172
 (bitset.sty
Package: bitset 2019/12/09 v1.3 Handle bit-vector datatype (HO)
 (bigintcalc.sty
Package: bigintcalc 2019/12/15 v1.5 Expandable calculations on big integers (HO
)
))
\Fld@menulength=\count271
\Field@Width=\dimen173
\Fld@charsize=\dimen174
Package hyperref Info: Hyper figures OFF on input line 6027.
Package hyperref Info: Link nesting OFF on input line 6032.
Package hyperref Info: Hyper index ON on input line 6035.
Package hyperref Info: backreferencing OFF on input line 6042.
Package hyperref Info: Link coloring OFF on input line 6047.
Package hyperref Info: Link coloring with OCG OFF on input line 6052.
Package hyperref Info: PDF/A mode OFF on input line 6057.
LaTeX Info: Redefining \ref on input line 6097.
LaTeX Info: Redefining \pageref on input line 6101.

(atbegshi-ltx.sty
Package: atbegshi-ltx 2021/01/10 v1.0c Emulation of the original atbegshi
package with kernel methods
)
\Hy@abspage=\count272
\c@Item=\count273
\c@Hfootnote=\count274
)
Package hyperref Info: Driver (autodetected): hxetex.
 (hxetex.def
File: hxetex.def 2022-02-21 v7.00n Hyperref driver for XeTeX
 (stringenc.sty
Package: stringenc 2019/11/29 v1.12 Convert strings between diff. encodings (HO
)
)
\pdfm@box=\box54
\c@Hy@AnnotLevel=\count275
\HyField@AnnotCount=\count276
\Fld@listcount=\count277
\c@bookmark@seq@number=\count278
 (rerunfilecheck.sty
Package: rerunfilecheck 2019/12/05 v1.9 Rerun checks for auxiliary files (HO)

(atveryend-ltx.sty
Package: atveryend-ltx 2020/08/19 v1.0a Emulation of the original atveryend pac
kage
with kernel methods
) (uniquecounter.sty
Package: uniquecounter 2019/12/15 v1.4 Provide unlimited unique counter (HO)
)
Package uniquecounter Info: New unique counter `rerunfilecheck' on input line 2
86.
)
\Hy@SectionHShift=\skip63
) (microtype.sty
Package: microtype 2022/03/14 v3.0d Micro-typographical refinements (RS)
 (etoolbox.sty
Package: etoolbox 2020/10/05 v2.5k e-TeX tools for LaTeX (JAW)
\etb@tempcnta=\count279
)
\MT@toks=\toks23
\MT@tempbox=\box55
\MT@count=\count280
LaTeX Info: Redefining \noprotrusionifhmode on input line 1027.
LaTeX Info: Redefining \leftprotrusion on input line 1028.
LaTeX Info: Redefining \rightprotrusion on input line 1036.
LaTeX Info: Redefining \textls on input line 1195.
\MT@outer@kern=\dimen175
LaTeX Info: Redefining \textmicrotypecontext on input line 1781.
\MT@listname@count=\count281

(microtype-xetex.def
File: microtype-xetex.def 2022/03/14 v3.0d Definitions specific to xetex (RS)
LaTeX Info: Redefining \lsstyle on input line 236.
)
Package microtype Info: Loading configuration file microtype.cfg.
 (microtype.cfg
File: microtype.cfg 2022/03/14 v3.0d microtype main configuration file (RS)
)) (parskip.sty
Package: parskip 2021-03-14 v2.0h non-zero parskip adjustments
) (mdframed.sty
Package: mdframed 2013/07/01 1.9b: mdframed
 (xparse.sty
(expl3.sty
Package: expl3 2022-02-24 L3 programming layer (loader) 
 (l3backend-xetex.def
File: l3backend-xetex.def 2022-02-07 L3 backend support: XeTeX
\c__kernel_sys_dvipdfmx_version_int=\count282
\l__color_backend_stack_int=\count283
\g__color_backend_stack_int=\count284
\g__graphics_track_int=\count285
\l__pdf_internal_box=\box56
\g__pdf_backend_object_int=\count286
\g__pdf_backend_annotation_int=\count287
\g__pdf_backend_link_int=\count288
))
Package: xparse 2022-01-12 L3 Experimental document command parser
) (zref-abspage.sty
Package: zref-abspage 2020-07-03 v2.32 Module abspage for zref (HO)
 (zref-base.sty
Package: zref-base 2020-07-03 v2.32 Module base for zref (HO)
Package zref Info: New property list: main on input line 764.
Package zref Info: New property: default on input line 765.
Package zref Info: New property: page on input line 766.
)
\c@abspage=\count289
Package zref Info: New property: abspage on input line 66.
)
(needspace.sty
Package: needspace 2010/09/12 v1.3d reserve vertical space
)
\mdf@templength=\skip64
\c@mdf@globalstyle@cnt=\count290
\mdf@skipabove@length=\skip65
\mdf@skipbelow@length=\skip66
\mdf@leftmargin@length=\skip67
\mdf@rightmargin@length=\skip68
\mdf@innerleftmargin@length=\skip69
\mdf@innerrightmargin@length=\skip70
\mdf@innertopmargin@length=\skip71
\mdf@innerbottommargin@length=\skip72
\mdf@splittopskip@length=\skip73
\mdf@splitbottomskip@length=\skip74
\mdf@outermargin@length=\skip75
\mdf@innermargin@length=\skip76
\mdf@linewidth@length=\skip77
\mdf@innerlinewidth@length=\skip78
\mdf@middlelinewidth@length=\skip79
\mdf@outerlinewidth@length=\skip80
\mdf@roundcorner@length=\skip81
\mdf@footenotedistance@length=\skip82
\mdf@userdefinedwidth@length=\skip83
\mdf@needspace@length=\skip84
\mdf@frametitleaboveskip@length=\skip85
\mdf@frametitlebelowskip@length=\skip86
\mdf@frametitlerulewidth@length=\skip87
\mdf@frametitleleftmargin@length=\skip88
\mdf@frametitlerightmargin@length=\skip89
\mdf@shadowsize@length=\skip90
\mdf@extratopheight@length=\skip91
\mdf@subtitleabovelinewidth@length=\skip92
\mdf@subtitlebelowlinewidth@length=\skip93
\mdf@subtitleaboveskip@length=\skip94
\mdf@subtitlebelowskip@length=\skip95
\mdf@subtitleinneraboveskip@length=\skip96
\mdf@subtitleinnerbelowskip@length=\skip97
\mdf@subsubtitleabovelinewidth@length=\skip98
\mdf@subsubtitlebelowlinewidth@length=\skip99
\mdf@subsubtitleaboveskip@length=\skip100
\mdf@subsubtitlebelowskip@length=\skip101
\mdf@subsubtitleinneraboveskip@length=\skip102
\mdf@subsubtitleinnerbelowskip@length=\skip103
 (md-frame-0.mdf
File: md-frame-0.mdf 2013/07/01\ 1.9b: md-frame-0
)
\mdf@frametitlebox=\box57
\mdf@footnotebox=\box58
\mdf@splitbox@one=\box59
\mdf@splitbox@two=\box60
\mdf@splitbox@save=\box61
\mdfsplitboxwidth=\skip104
\mdfsplitboxtotalwidth=\skip105
\mdfsplitboxheight=\skip106
\mdfsplitboxdepth=\skip107
\mdfsplitboxtotalheight=\skip108
\mdfframetitleboxwidth=\skip109
\mdfframetitleboxtotalwidth=\skip110
\mdfframetitleboxheight=\skip111
\mdfframetitleboxdepth=\skip112
\mdfframetitleboxtotalheight=\skip113
\mdffootnoteboxwidth=\skip114
\mdffootnoteboxtotalwidth=\skip115
\mdffootnoteboxheight=\skip116
\mdffootnoteboxdepth=\skip117
\mdffootnoteboxtotalheight=\skip118
\mdftotallinewidth=\skip119
\mdfboundingboxwidth=\skip120
\mdfboundingboxtotalwidth=\skip121
\mdfboundingboxheight=\skip122
\mdfboundingboxdepth=\skip123
\mdfboundingboxtotalheight=\skip124
\mdf@freevspace@length=\skip125
\mdf@horizontalwidthofbox@length=\skip126
\mdf@verticalmarginwhole@length=\skip127
\mdf@horizontalspaceofbox=\skip128
\mdfsubtitleheight=\skip129
\mdfsubsubtitleheight=\skip130
\c@mdfcountframes=\count291

****** mdframed patching \endmdf@trivlist

****** -- success******

\mdf@envdepth=\count292
\c@mdf@env@i=\count293
\c@mdf@env@ii=\count294
\c@mdf@zref@counter=\count295
Package zref Info: New property: mdf@pagevalue on input line 895.
) (tikz.sty (pgf.sty (pgfrcs.sty
(pgfutil-common.tex
\pgfutil@everybye=\toks24
\pgfutil@tempdima=\dimen176
\pgfutil@tempdimb=\dimen177
 (pgfutil-common-lists.tex)) (pgfutil-latex.def
\pgfutil@abb=\box62
)
(pgfrcs.code.tex (pgf.revision.tex)
Package: pgfrcs 2021/05/15 v3.1.9a (3.1.9a)
))
Package: pgf 2021/05/15 v3.1.9a (3.1.9a)
 (pgfcore.sty (pgfsys.sty (pgfsys.code.tex
Package: pgfsys 2021/05/15 v3.1.9a (3.1.9a)
(pgfkeys.code.tex
\pgfkeys@pathtoks=\toks25
\pgfkeys@temptoks=\toks26
 (pgfkeysfiltered.code.tex
\pgfkeys@tmptoks=\toks27
))
\pgf@x=\dimen178
\pgf@y=\dimen179
\pgf@xa=\dimen180
\pgf@ya=\dimen181
\pgf@xb=\dimen182
\pgf@yb=\dimen183
\pgf@xc=\dimen184
\pgf@yc=\dimen185
\pgf@xd=\dimen186
\pgf@yd=\dimen187
\w@pgf@writea=\write3
\r@pgf@reada=\read3
\c@pgf@counta=\count296
\c@pgf@countb=\count297
\c@pgf@countc=\count298
\c@pgf@countd=\count299
\t@pgf@toka=\toks28
\t@pgf@tokb=\toks29
\t@pgf@tokc=\toks30
\pgf@sys@id@count=\count300
 (pgf.cfg
File: pgf.cfg 2021/05/15 v3.1.9a (3.1.9a)
)
Driver file for pgf: pgfsys-xetex.def
 (pgfsys-xetex.def
File: pgfsys-xetex.def 2021/05/15 v3.1.9a (3.1.9a)

(pgfsys-dvipdfmx.def
File: pgfsys-dvipdfmx.def 2021/05/15 v3.1.9a (3.1.9a)
 (pgfsys-common-pdf.def
File: pgfsys-common-pdf.def 2021/05/15 v3.1.9a (3.1.9a)
)
\pgfsys@objnum=\count301
))) (pgfsyssoftpath.code.tex
File: pgfsyssoftpath.code.tex 2021/05/15 v3.1.9a (3.1.9a)
\pgfsyssoftpath@smallbuffer@items=\count302
\pgfsyssoftpath@bigbuffer@items=\count303
)
(pgfsysprotocol.code.tex
File: pgfsysprotocol.code.tex 2021/05/15 v3.1.9a (3.1.9a)
)) (pgfcore.code.tex
Package: pgfcore 2021/05/15 v3.1.9a (3.1.9a)
 (pgfmath.code.tex
(pgfmathcalc.code.tex (pgfmathutil.code.tex) (pgfmathparser.code.tex
\pgfmath@dimen=\dimen188
\pgfmath@count=\count304
\pgfmath@box=\box63
\pgfmath@toks=\toks31
\pgfmath@stack@operand=\toks32
\pgfmath@stack@operation=\toks33
)
(pgfmathfunctions.code.tex (pgfmathfunctions.basic.code.tex)
(pgfmathfunctions.trigonometric.code.tex) (pgfmathfunctions.random.code.tex)
(pgfmathfunctions.comparison.code.tex) (pgfmathfunctions.base.code.tex)
(pgfmathfunctions.round.code.tex) (pgfmathfunctions.misc.code.tex)
(pgfmathfunctions.integerarithmetics.code.tex))) (pgfmathfloat.code.tex
\c@pgfmathroundto@lastzeros=\count305
))
(pgfint.code.tex) (pgfcorepoints.code.tex
File: pgfcorepoints.code.tex 2021/05/15 v3.1.9a (3.1.9a)
\pgf@picminx=\dimen189
\pgf@picmaxx=\dimen190
\pgf@picminy=\dimen191
\pgf@picmaxy=\dimen192
\pgf@pathminx=\dimen193
\pgf@pathmaxx=\dimen194
\pgf@pathminy=\dimen195
\pgf@pathmaxy=\dimen196
\pgf@xx=\dimen197
\pgf@xy=\dimen198
\pgf@yx=\dimen199
\pgf@yy=\dimen256
\pgf@zx=\dimen257
\pgf@zy=\dimen258
) (pgfcorepathconstruct.code.tex
File: pgfcorepathconstruct.code.tex 2021/05/15 v3.1.9a (3.1.9a)
\pgf@path@lastx=\dimen259
\pgf@path@lasty=\dimen260
)
(pgfcorepathusage.code.tex
File: pgfcorepathusage.code.tex 2021/05/15 v3.1.9a (3.1.9a)
\pgf@shorten@end@additional=\dimen261
\pgf@shorten@start@additional=\dimen262
) (pgfcorescopes.code.tex
File: pgfcorescopes.code.tex 2021/05/15 v3.1.9a (3.1.9a)
\pgfpic=\box64
\pgf@hbox=\box65
\pgf@layerbox@main=\box66
\pgf@picture@serial@count=\count306
)
(pgfcoregraphicstate.code.tex
File: pgfcoregraphicstate.code.tex 2021/05/15 v3.1.9a (3.1.9a)
\pgflinewidth=\dimen263
) (pgfcoretransformations.code.tex
File: pgfcoretransformations.code.tex 2021/05/15 v3.1.9a (3.1.9a)
\pgf@pt@x=\dimen264
\pgf@pt@y=\dimen265
\pgf@pt@temp=\dimen266
)
(pgfcorequick.code.tex
File: pgfcorequick.code.tex 2021/05/15 v3.1.9a (3.1.9a)
) (pgfcoreobjects.code.tex
File: pgfcoreobjects.code.tex 2021/05/15 v3.1.9a (3.1.9a)
)
(pgfcorepathprocessing.code.tex
File: pgfcorepathprocessing.code.tex 2021/05/15 v3.1.9a (3.1.9a)
) (pgfcorearrows.code.tex
File: pgfcorearrows.code.tex 2021/05/15 v3.1.9a (3.1.9a)
\pgfarrowsep=\dimen267
)
(pgfcoreshade.code.tex
File: pgfcoreshade.code.tex 2021/05/15 v3.1.9a (3.1.9a)
\pgf@max=\dimen268
\pgf@sys@shading@range@num=\count307
\pgf@shadingcount=\count308
) (pgfcoreimage.code.tex
File: pgfcoreimage.code.tex 2021/05/15 v3.1.9a (3.1.9a)
 (pgfcoreexternal.code.tex
File: pgfcoreexternal.code.tex 2021/05/15 v3.1.9a (3.1.9a)
\pgfexternal@startupbox=\box67
))
(pgfcorelayers.code.tex
File: pgfcorelayers.code.tex 2021/05/15 v3.1.9a (3.1.9a)
) (pgfcoretransparency.code.tex
File: pgfcoretransparency.code.tex 2021/05/15 v3.1.9a (3.1.9a)
)
(pgfcorepatterns.code.tex
File: pgfcorepatterns.code.tex 2021/05/15 v3.1.9a (3.1.9a)
) (pgfcorerdf.code.tex
File: pgfcorerdf.code.tex 2021/05/15 v3.1.9a (3.1.9a)
))) (pgfmoduleshapes.code.tex
File: pgfmoduleshapes.code.tex 2021/05/15 v3.1.9a (3.1.9a)
\pgfnodeparttextbox=\box68
)
(pgfmoduleplot.code.tex
File: pgfmoduleplot.code.tex 2021/05/15 v3.1.9a (3.1.9a)
) (pgfcomp-version-0-65.sty
Package: pgfcomp-version-0-65 2021/05/15 v3.1.9a (3.1.9a)
\pgf@nodesepstart=\dimen269
\pgf@nodesepend=\dimen270
) (pgfcomp-version-1-18.sty
Package: pgfcomp-version-1-18 2021/05/15 v3.1.9a (3.1.9a)
)) (pgffor.sty (pgfkeys.sty (pgfkeys.code.tex)) (pgfmath.sty (pgfmath.code.tex)
)
(pgffor.code.tex
Package: pgffor 2021/05/15 v3.1.9a (3.1.9a)
 (pgfmath.code.tex)
\pgffor@iter=\dimen271
\pgffor@skip=\dimen272
\pgffor@stack=\toks34
\pgffor@toks=\toks35
)) (tikz.code.tex
Package: tikz 2021/05/15 v3.1.9a (3.1.9a)

(pgflibraryplothandlers.code.tex
File: pgflibraryplothandlers.code.tex 2021/05/15 v3.1.9a (3.1.9a)
\pgf@plot@mark@count=\count309
\pgfplotmarksize=\dimen273
)
\tikz@lastx=\dimen274
\tikz@lasty=\dimen275
\tikz@lastxsaved=\dimen276
\tikz@lastysaved=\dimen277
\tikz@lastmovetox=\dimen278
\tikz@lastmovetoy=\dimen279
\tikzleveldistance=\dimen280
\tikzsiblingdistance=\dimen281
\tikz@figbox=\box69
\tikz@figbox@bg=\box70
\tikz@tempbox=\box71
\tikz@tempbox@bg=\box72
\tikztreelevel=\count310
\tikznumberofchildren=\count311
\tikznumberofcurrentchild=\count312
\tikz@fig@count=\count313
 (pgfmodulematrix.code.tex
File: pgfmodulematrix.code.tex 2021/05/15 v3.1.9a (3.1.9a)
\pgfmatrixcurrentrow=\count314
\pgfmatrixcurrentcolumn=\count315
\pgf@matrix@numberofcolumns=\count316
)
\tikz@expandcount=\count317

(tikzlibrarytopaths.code.tex
File: tikzlibrarytopaths.code.tex 2021/05/15 v3.1.9a (3.1.9a)
))) (tikzlibrarypositioning.code.tex
File: tikzlibrarypositioning.code.tex 2021/05/15 v3.1.9a (3.1.9a)
)
(tikzlibraryshapes.geometric.code.tex
File: tikzlibraryshapes.geometric.code.tex 2021/05/15 v3.1.9a (3.1.9a)
 (pgflibraryshapes.geometric.code.tex
File: pgflibraryshapes.geometric.code.tex 2021/05/15 v3.1.9a (3.1.9a)
))
(pgflibraryarrows.meta.code.tex
File: pgflibraryarrows.meta.code.tex 2021/05/15 v3.1.9a (3.1.9a)
\pgfarrowinset=\dimen282
\pgfarrowlength=\dimen283
\pgfarrowwidth=\dimen284
\pgfarrowlinewidth=\dimen285
) (tikzlibrarycalc.code.tex
File: tikzlibrarycalc.code.tex 2021/05/15 v3.1.9a (3.1.9a)
)
(tikzlibraryfit.code.tex
File: tikzlibraryfit.code.tex 2021/05/15 v3.1.9a (3.1.9a)
) (amsmath.sty
Package: amsmath 2021/10/15 v2.17l AMS math features
\@mathmargin=\skip131

For additional information on amsmath, use the `?' option.
(amstext.sty
Package: amstext 2021/08/26 v2.01 AMS text
 (amsgen.sty
File: amsgen.sty 1999/11/30 v2.0 generic functions
\@emptytoks=\toks36
\ex@=\dimen286
)) (amsbsy.sty
Package: amsbsy 1999/11/29 v1.2d Bold Symbols
\pmbraise@=\dimen287
) (amsopn.sty
Package: amsopn 2021/08/26 v2.02 operator names
)
\inf@bad=\count318
LaTeX Info: Redefining \frac on input line 234.
\uproot@=\count319
\leftroot@=\count320
LaTeX Info: Redefining \overline on input line 399.
\classnum@=\count321
\DOTSCASE@=\count322
LaTeX Info: Redefining \ldots on input line 496.
LaTeX Info: Redefining \dots on input line 499.
LaTeX Info: Redefining \cdots on input line 620.
\Mathstrutbox@=\box73
\strutbox@=\box74
\big@size=\dimen288
LaTeX Font Info:    Redeclaring font encoding OML on input line 743.
LaTeX Font Info:    Redeclaring font encoding OMS on input line 744.
\macc@depth=\count323
\c@MaxMatrixCols=\count324
\dotsspace@=\muskip17
\c@parentequation=\count325
\dspbrk@lvl=\count326
\tag@help=\toks37
\row@=\count327
\column@=\count328
\maxfields@=\count329
\andhelp@=\toks38
\eqnshift@=\dimen289
\alignsep@=\dimen290
\tagshift@=\dimen291
\tagwidth@=\dimen292
\totwidth@=\dimen293
\lineht@=\dimen294
\@envbody=\toks39
\multlinegap=\skip132
\multlinetaggap=\skip133
\mathdisplay@stack=\toks40
LaTeX Info: Redefining \[ on input line 2938.
LaTeX Info: Redefining \] on input line 2939.
) (tcolorbox.sty
Package: tcolorbox 2022/01/07 version 5.0.2 text color boxes

(verbatim.sty
Package: verbatim 2020-07-07 v1.5u LaTeX2e package for verbatim enhancements
\every@verbatim=\toks41
\verbatim@line=\toks42
\verbatim@in@stream=\read4
) (environ.sty
Package: environ 2014/05/04 v0.3 A new way to define environments
 (trimspaces.sty
Package: trimspaces 2009/09/17 v1.1 Trim spaces around a token list
))
\tcb@titlebox=\box75
\tcb@upperbox=\box76
\tcb@lowerbox=\box77
\tcb@phantombox=\box78
\c@tcbbreakpart=\count330
\c@tcblayer=\count331
\c@tcolorbox@number=\count332
\tcb@temp=\box79
\tcb@temp=\box80
\tcb@temp=\box81
\tcb@temp=\box82
) (tcbskins.code.tex
Library (tcolorbox): 'tcbskins.code.tex' version '5.0.2'
\tcb@waterbox=\box83
(tcbskinsjigsaw.code.tex
Library (tcolorbox): 'tcbskinsjigsaw.code.tex' version '5.0.2'
)) (tcbbreakable.code.tex
Library (tcolorbox): 'tcbbreakable.code.tex' version '5.0.2'
(pdfcol.sty
Package: pdfcol 2019/12/29 v1.6 Handle new color stacks for pdfTeX (HO)
Package pdfcol Info: Interface disabled because of missing PDF mode of pdfTeX.
)
Package pdfcol Info: pdfTeX's color stacks are not available.
\tcb@testbox=\box84
\tcb@totalupperbox=\box85
\tcb@totallowerbox=\box86
) (float.sty
Package: float 2001/11/08 v1.3d Float enhancements (AL)
\c@float@type=\count333
\float@exts=\toks43
\float@box=\box87
\@float@everytoks=\toks44
\@floatcapt=\box88
) (makecell.sty
Package: makecell 2009/08/03 V0.1e Managing of Tab Column Heads and Cells
\rotheadsize=\dimen295
\c@nlinenum=\count334
\TeXr@lab=\toks45
) (listings.sty
\lst@mode=\count335
\lst@gtempboxa=\box89
\lst@token=\toks46
\lst@length=\count336
\lst@currlwidth=\dimen296
\lst@column=\count337
\lst@pos=\count338
\lst@lostspace=\dimen297
\lst@width=\dimen298
\lst@newlines=\count339
\lst@lineno=\count340
\lst@maxwidth=\dimen299
 (lstmisc.sty
File: lstmisc.sty 2020/03/24 1.8d (Carsten Heinz)
\c@lstnumber=\count341
\lst@skipnumbers=\count342
\lst@framebox=\box90
)
(listings.cfg
File: listings.cfg 2020/03/24 1.8d listings configuration
))
Package: listings 2020/03/24 1.8d (Carsten Heinz)
 (longtable.sty
Package: longtable 2021-09-01 v4.17 Multi-page Table package (DPC)
\LTleft=\skip134
\LTright=\skip135
\LTpre=\skip136
\LTpost=\skip137
\LTchunksize=\count343
\LTcapwidth=\dimen300
\LT@head=\box91
\LT@firsthead=\box92
\LT@foot=\box93
\LT@lastfoot=\box94
\LT@gbox=\box95
\LT@cols=\count344
\LT@rows=\count345
\c@LT@tables=\count346
\c@LT@chunks=\count347
\LT@p@ftn=\toks47
) (amssymb.sty
Package: amssymb 2013/01/14 v3.01 AMS font symbols
 (amsfonts.sty
Package: amsfonts 2013/01/14 v3.01 Basic AMSFonts support
\symAMSa=\mathgroup4
\symAMSb=\mathgroup5
LaTeX Font Info:    Redeclaring math symbol \hbar on input line 98.
LaTeX Font Info:    Overwriting math alphabet `\mathfrak' in version `bold'
(Font)                  U/euf/m/n --> U/euf/b/n on input line 106.
))
Package hyperref Info: Option `colorlinks' set `true' on input line 64.
)
No file main.aux.
\openout1 = `main.aux'.

LaTeX Font Info:    Checking defaults for OML/cmm/m/it on input line 5.
LaTeX Font Info:    ... okay on input line 5.
LaTeX Font Info:    Checking defaults for OMS/cmsy/m/n on input line 5.
LaTeX Font Info:    ... okay on input line 5.
LaTeX Font Info:    Checking defaults for OT1/cmr/m/n on input line 5.
LaTeX Font Info:    ... okay on input line 5.
LaTeX Font Info:    Checking defaults for T1/cmr/m/n on input line 5.
LaTeX Font Info:    ... okay on input line 5.
LaTeX Font Info:    Checking defaults for TS1/cmr/m/n on input line 5.
LaTeX Font Info:    Trying to load font information for TS1+cmr on input line 5
.
(ts1cmr.fd
File: ts1cmr.fd 2019/12/16 v2.5j Standard LaTeX font definitions
)
LaTeX Font Info:    ... okay on input line 5.
LaTeX Font Info:    Checking defaults for TU/lmr/m/n on input line 5.
LaTeX Font Info:    ... okay on input line 5.
LaTeX Font Info:    Checking defaults for OMX/cmex/m/n on input line 5.
LaTeX Font Info:    ... okay on input line 5.
LaTeX Font Info:    Checking defaults for U/cmr/m/n on input line 5.
LaTeX Font Info:    ... okay on input line 5.
LaTeX Font Info:    Checking defaults for PD1/pdf/m/n on input line 5.
LaTeX Font Info:    ... okay on input line 5.
LaTeX Font Info:    Checking defaults for PU/pdf/m/n on input line 5.
LaTeX Font Info:    ... okay on input line 5.

*geometry* driver: auto-detecting
*geometry* detected driver: xetex
*geometry* verbose mode - [ preamble ] result:
* driver: xetex
* paper: a4paper
* layout: <same size as paper>
* layoutoffset:(h,v)=(0.0pt,0.0pt)
* modes: 
* h-part:(L,W,R)=(71.13188pt, 455.24411pt, 71.13188pt)
* v-part:(T,H,B)=(71.13188pt, 702.78308pt, 71.13188pt)
* \paperwidth=597.50787pt
* \paperheight=845.04684pt
* \textwidth=455.24411pt
* \textheight=702.78308pt
* \oddsidemargin=-1.1381pt
* \evensidemargin=-1.1381pt
* \topmargin=-41.1381pt
* \headheight=15.0pt
* \headsep=25.0pt
* \topskip=12.0pt
* \footskip=30.0pt
* \marginparwidth=35.0pt
* \marginparsep=10.0pt
* \columnsep=10.0pt
* \skip\footins=10.8pt plus 4.0pt minus 2.0pt
* \hoffset=0.0pt
* \voffset=0.0pt
* \mag=1000
* \@twocolumnfalse
* \@twosidefalse
* \@mparswitchfalse
* \@reversemarginfalse
* (1in=72.27pt=25.4mm, 1cm=28.453pt)

Package hyperref Info: Link coloring ON on input line 5.
(nameref.sty
Package: nameref 2021-04-02 v2.47 Cross-referencing by name of section
 (refcount.sty
Package: refcount 2019/12/15 v3.6 Data extraction from label references (HO)
) (gettitlestring.sty
Package: gettitlestring 2019/12/15 v1.6 Cleanup title references (HO)
)
\c@section@level=\count348
)
LaTeX Info: Redefining \ref on input line 5.
LaTeX Info: Redefining \pageref on input line 5.
LaTeX Info: Redefining \nameref on input line 5.
\@outlinefile=\write4
\openout4 = `main.out'.



Package hyperref Warning: Rerun to get /PageLabels entry.

LaTeX Info: Redefining \microtypecontext on input line 5.
Package microtype Info: Applying patch `item' on input line 5.
Package microtype Info: Applying patch `toc' on input line 5.
Package microtype Info: Applying patch `eqnum' on input line 5.
Package microtype Info: Applying patch `footnote' on input line 5.
Package microtype Info: Character protrusion enabled (level 2).
Package microtype Info: Using default protrusion set `alltext'.
Package microtype Info: No adjustment of tracking.
Package microtype Info: No adjustment of spacing.
Package microtype Info: No adjustment of kerning.
(mt-cmr.cfg
File: mt-cmr.cfg 2013/05/19 v2.2 microtype config. file: Computer Modern Roman 
(RS)
)
\c@lstlisting=\count349
 (front/cover
LaTeX Font Info:    Trying to load font information for OT1+lmr on input line 2
6.
 (ot1lmr.fd
File: ot1lmr.fd 2015/05/01 v1.6.1 Font defs for Latin Modern
)
LaTeX Font Info:    Trying to load font information for OML+lmm on input line 2
6.
 (omllmm.fd
File: omllmm.fd 2015/05/01 v1.6.1 Font defs for Latin Modern
)
LaTeX Font Info:    Trying to load font information for OMS+lmsy on input line 
26.
 (omslmsy.fd
File: omslmsy.fd 2015/05/01 v1.6.1 Font defs for Latin Modern
)
LaTeX Font Info:    Trying to load font information for OMX+lmex on input line 
26.
 (omxlmex.fd
File: omxlmex.fd 2015/05/01 v1.6.1 Font defs for Latin Modern
)
LaTeX Font Info:    External font `lmex10' loaded for size
(Font)              <10.95> on input line 26.
LaTeX Font Info:    External font `lmex10' loaded for size
(Font)              <8> on input line 26.
LaTeX Font Info:    External font `lmex10' loaded for size
(Font)              <6> on input line 26.
LaTeX Font Info:    Trying to load font information for U+msa on input line 26.


(umsa.fd
File: umsa.fd 2013/01/14 v3.01 AMS symbols A
) (mt-msa.cfg
File: mt-msa.cfg 2006/02/04 v1.1 microtype config. file: AMS symbols (a) (RS)
)
LaTeX Font Info:    Trying to load font information for U+msb on input line 26.

 (umsb.fd
File: umsb.fd 2013/01/14 v3.01 AMS symbols B
) (mt-msb.cfg
File: mt-msb.cfg 2005/06/01 v1.0 microtype config. file: AMS symbols (b) (RS)
)
LaTeX Font Info:    External font `lmex10' loaded for size
(Font)              <12> on input line 42.
 [1

]) (front/dedication [1])
(front/acknowledgements [2

]) (front/abstract [3

]
Missing character: There is no م ("645) in font ec-lmbx12!
Missing character: There is no ل ("644) in font ec-lmbx12!
Missing character: There is no خ ("62E) in font ec-lmbx12!
Missing character: There is no ص ("635) in font ec-lmbx12!
Missing character: There is no م ("645) in font ec-lmr12!
Missing character: There is no ش ("634) in font ec-lmr12!
Missing character: There is no ر ("631) in font ec-lmr12!
Missing character: There is no و ("648) in font ec-lmr12!
Missing character: There is no ع ("639) in font ec-lmr12!
Missing character: There is no ت ("62A) in font ec-lmr12!
Missing character: There is no خ ("62E) in font ec-lmr12!
Missing character: There is no ر ("631) in font ec-lmr12!
Missing character: There is no ج ("62C) in font ec-lmr12!
Missing character: There is no ن ("646) in font ec-lmr12!
Missing character: There is no ا ("627) in font ec-lmr12!
Missing character: There is no ع ("639) in font ec-lmr12!
Missing character: There is no ب ("628) in font ec-lmr12!
Missing character: There is no ا ("627) in font ec-lmr12!
Missing character: There is no ر ("631) in font ec-lmr12!
Missing character: There is no ة ("629) in font ec-lmr12!
Missing character: There is no ع ("639) in font ec-lmr12!
Missing character: There is no ن ("646) in font ec-lmr12!
Missing character: There is no م ("645) in font ec-lmr12!
Missing character: There is no ن ("646) in font ec-lmr12!
Missing character: There is no ص ("635) in font ec-lmr12!
Missing character: There is no ة ("629) in font ec-lmr12!
Missing character: There is no م ("645) in font ec-lmr12!
Missing character: There is no ت ("62A) in font ec-lmr12!
Missing character: There is no ن ("646) in font ec-lmr12!
Missing character: There is no ق ("642) in font ec-lmr12!
Missing character: There is no ل ("644) in font ec-lmr12!
Missing character: There is no ة ("629) in font ec-lmr12!
Missing character: There is no و ("648) in font ec-lmr12!
Missing character: There is no و ("648) in font ec-lmr12!
Missing character: There is no ي ("64A) in font ec-lmr12!
Missing character: There is no ب ("628) in font ec-lmr12!
Missing character: There is no م ("645) in font ec-lmr12!
Missing character: There is no خ ("62E) in font ec-lmr12!
Missing character: There is no ص ("635) in font ec-lmr12!
Missing character: There is no ص ("635) in font ec-lmr12!
Missing character: There is no ة ("629) in font ec-lmr12!
Missing character: There is no ل ("644) in font ec-lmr12!
Missing character: There is no ت ("62A) in font ec-lmr12!
Missing character: There is no ع ("639) in font ec-lmr12!
Missing character: There is no ل ("644) in font ec-lmr12!
Missing character: There is no ي ("64A) in font ec-lmr12!
Missing character: There is no م ("645) in font ec-lmr12!
Missing character: There is no ت ("62A) in font ec-lmr12!
Missing character: There is no ل ("644) in font ec-lmr12!
Missing character: There is no ا ("627) in font ec-lmr12!
Missing character: There is no و ("648) in font ec-lmr12!
Missing character: There is no ة ("629) in font ec-lmr12!
Missing character: There is no ا ("627) in font ec-lmr12!
Missing character: There is no ل ("644) in font ec-lmr12!
Missing character: There is no ق ("642) in font ec-lmr12!
Missing character: There is no ر ("631) in font ec-lmr12!
Missing character: There is no آ ("622) in font ec-lmr12!
Missing character: There is no ن ("646) in font ec-lmr12!
Missing character: There is no ا ("627) in font ec-lmr12!
Missing character: There is no ل ("644) in font ec-lmr12!
Missing character: There is no ك ("643) in font ec-lmr12!
Missing character: There is no ر ("631) in font ec-lmr12!
Missing character: There is no ي ("64A) in font ec-lmr12!
Missing character: There is no م ("645) in font ec-lmr12!
Missing character: There is no و ("648) in font ec-lmr12!
Missing character: There is no ق ("642) in font ec-lmr12!
Missing character: There is no و ("648) in font ec-lmr12!
Missing character: There is no ا ("627) in font ec-lmr12!
Missing character: There is no ع ("639) in font ec-lmr12!
Missing character: There is no د ("62F) in font ec-lmr12!
Missing character: There is no ا ("627) in font ec-lmr12!
Missing character: There is no ل ("644) in font ec-lmr12!
Missing character: There is no ت ("62A) in font ec-lmr12!
Missing character: There is no ج ("62C) in font ec-lmr12!
Missing character: There is no و ("648) in font ec-lmr12!
Missing character: There is no ي ("64A) in font ec-lmr12!
Missing character: There is no د ("62F) in font ec-lmr12!
Missing character: There is no ب ("628) in font ec-lmr12!
Missing character: There is no ا ("627) in font ec-lmr12!
Missing character: There is no ل ("644) in font ec-lmr12!
Missing character: There is no ا ("627) in font ec-lmr12!
Missing character: There is no ع ("639) in font ec-lmr12!
Missing character: There is no ت ("62A) in font ec-lmr12!
Missing character: There is no م ("645) in font ec-lmr12!
Missing character: There is no ا ("627) in font ec-lmr12!
Missing character: There is no د ("62F) in font ec-lmr12!
Missing character: There is no ع ("639) in font ec-lmr12!
Missing character: There is no ل ("644) in font ec-lmr12!
Missing character: There is no ى ("649) in font ec-lmr12!
Missing character: There is no ا ("627) in font ec-lmr12!
Missing character: There is no ل ("644) in font ec-lmr12!
Missing character: There is no ذ ("630) in font ec-lmr12!
Missing character: There is no ك ("643) in font ec-lmr12!
Missing character: There is no ا ("627) in font ec-lmr12!
Missing character: There is no ء ("621) in font ec-lmr12!
Missing character: There is no ا ("627) in font ec-lmr12!
Missing character: There is no ل ("644) in font ec-lmr12!
Missing character: There is no ا ("627) in font ec-lmr12!
Missing character: There is no ص ("635) in font ec-lmr12!
Missing character: There is no ط ("637) in font ec-lmr12!
Missing character: There is no ن ("646) in font ec-lmr12!
Missing character: There is no ا ("627) in font ec-lmr12!
Missing character: There is no ع ("639) in font ec-lmr12!
Missing character: There is no ي ("64A) in font ec-lmr12!
Missing character: There is no ي ("64A) in font ec-lmr12!
Missing character: There is no ه ("647) in font ec-lmr12!
Missing character: There is no د ("62F) in font ec-lmr12!
Missing character: There is no ف ("641) in font ec-lmr12!
Missing character: There is no ت ("62A) in font ec-lmr12!
Missing character: There is no ط ("637) in font ec-lmr12!
Missing character: There is no ب ("628) in font ec-lmr12!
Missing character: There is no ي ("64A) in font ec-lmr12!
Missing character: There is no ق ("642) in font ec-lmr12!
Missing character: There is no ت ("62A) in font ec-lmr12!
Missing character: There is no ح ("62D) in font ec-lmr12!
Missing character: There is no ق ("642) in font ec-lmr12!
Missing character: There is no ي ("64A) in font ec-lmr12!
Missing character: There is no ق ("642) in font ec-lmr12!
Missing character: There is no إ ("625) in font ec-lmr12!
Missing character: There is no ل ("644) in font ec-lmr12!
Missing character: There is no ى ("649) in font ec-lmr12!
Missing character: There is no س ("633) in font ec-lmr12!
Missing character: There is no د ("62F) in font ec-lmr12!
Missing character: There is no ا ("627) in font ec-lmr12!
Missing character: There is no ل ("644) in font ec-lmr12!
Missing character: There is no ف ("641) in font ec-lmr12!
Missing character: There is no ج ("62C) in font ec-lmr12!
Missing character: There is no و ("648) in font ec-lmr12!
Missing character: There is no ة ("629) in font ec-lmr12!
Missing character: There is no ب ("628) in font ec-lmr12!
Missing character: There is no ي ("64A) in font ec-lmr12!
Missing character: There is no ن ("646) in font ec-lmr12!
Missing character: There is no ا ("627) in font ec-lmr12!
Missing character: There is no ل ("644) in font ec-lmr12!
Missing character: There is no ت ("62A) in font ec-lmr12!
Missing character: There is no ع ("639) in font ec-lmr12!
Missing character: There is no ل ("644) in font ec-lmr12!
Missing character: There is no ي ("64A) in font ec-lmr12!
Missing character: There is no م ("645) in font ec-lmr12!
Missing character: There is no ا ("627) in font ec-lmr12!
Missing character: There is no ل ("644) in font ec-lmr12!
Missing character: There is no ق ("642) in font ec-lmr12!
Missing character: There is no ر ("631) in font ec-lmr12!
Missing character: There is no آ ("622) in font ec-lmr12!
Missing character: There is no ن ("646) in font ec-lmr12!
Missing character: There is no ي ("64A) in font ec-lmr12!
Missing character: There is no ا ("627) in font ec-lmr12!
Missing character: There is no ل ("644) in font ec-lmr12!
Missing character: There is no ت ("62A) in font ec-lmr12!
Missing character: There is no ق ("642) in font ec-lmr12!
Missing character: There is no ل ("644) in font ec-lmr12!
Missing character: There is no ي ("64A) in font ec-lmr12!
Missing character: There is no د ("62F) in font ec-lmr12!
Missing character: There is no ي ("64A) in font ec-lmr12!
Missing character: There is no و ("648) in font ec-lmr12!
Missing character: There is no ا ("627) in font ec-lmr12!
Missing character: There is no ل ("644) in font ec-lmr12!
Missing character: There is no ت ("62A) in font ec-lmr12!
Missing character: There is no ك ("643) in font ec-lmr12!
Missing character: There is no ن ("646) in font ec-lmr12!
Missing character: There is no و ("648) in font ec-lmr12!
Missing character: There is no ل ("644) in font ec-lmr12!
Missing character: There is no و ("648) in font ec-lmr12!
Missing character: There is no ج ("62C) in font ec-lmr12!
Missing character: There is no ي ("64A) in font ec-lmr12!
Missing character: There is no ا ("627) in font ec-lmr12!
Missing character: There is no ا ("627) in font ec-lmr12!
Missing character: There is no ل ("644) in font ec-lmr12!
Missing character: There is no ح ("62D) in font ec-lmr12!
Missing character: There is no د ("62F) in font ec-lmr12!
Missing character: There is no ي ("64A) in font ec-lmr12!
Missing character: There is no ث ("62B) in font ec-lmr12!
Missing character: There is no ة ("629) in font ec-lmr12!
Missing character: There is no م ("645) in font ec-lmr12!
Missing character: There is no ن ("646) in font ec-lmr12!
Missing character: There is no خ ("62E) in font ec-lmr12!
Missing character: There is no ل ("644) in font ec-lmr12!
Missing character: There is no ا ("627) in font ec-lmr12!
Missing character: There is no ل ("644) in font ec-lmr12!
Missing character: There is no ت ("62A) in font ec-lmr12!
Missing character: There is no ق ("642) in font ec-lmr12!
Missing character: There is no د ("62F) in font ec-lmr12!
Missing character: There is no ي ("64A) in font ec-lmr12!
Missing character: There is no م ("645) in font ec-lmr12!
Missing character: There is no ت ("62A) in font ec-lmr12!
Missing character: There is no ق ("642) in font ec-lmr12!
Missing character: There is no ي ("64A) in font ec-lmr12!
Missing character: There is no ي ("64A) in font ec-lmr12!
Missing character: There is no م ("645) in font ec-lmr12!
Missing character: There is no ف ("641) in font ec-lmr12!
Missing character: There is no و ("648) in font ec-lmr12!
Missing character: There is no ر ("631) in font ec-lmr12!
Missing character: There is no ي ("64A) in font ec-lmr12!
Missing character: There is no ل ("644) in font ec-lmr12!
Missing character: There is no ل ("644) in font ec-lmr12!
Missing character: There is no م ("645) in font ec-lmr12!
Missing character: There is no ت ("62A) in font ec-lmr12!
Missing character: There is no ع ("639) in font ec-lmr12!
Missing character: There is no ل ("644) in font ec-lmr12!
Missing character: There is no م ("645) in font ec-lmr12!
Missing character: There is no ي ("64A) in font ec-lmr12!
Missing character: There is no ن ("646) in font ec-lmr12!
Missing character: There is no ح ("62D) in font ec-lmr12!
Missing character: There is no و ("648) in font ec-lmr12!
Missing character: There is no ل ("644) in font ec-lmr12!
Missing character: There is no ت ("62A) in font ec-lmr12!
Missing character: There is no ل ("644) in font ec-lmr12!
Missing character: There is no ا ("627) in font ec-lmr12!
Missing character: There is no و ("648) in font ec-lmr12!
Missing character: There is no ت ("62A) in font ec-lmr12!
Missing character: There is no ه ("647) in font ec-lmr12!
Missing character: There is no م ("645) in font ec-lmr12!
Missing character: There is no ب ("628) in font ec-lmr12!
Missing character: There is no ا ("627) in font ec-lmr12!
Missing character: There is no س ("633) in font ec-lmr12!
Missing character: There is no ت ("62A) in font ec-lmr12!
Missing character: There is no خ ("62E) in font ec-lmr12!
Missing character: There is no د ("62F) in font ec-lmr12!
Missing character: There is no ا ("627) in font ec-lmr12!
Missing character: There is no م ("645) in font ec-lmr12!
Missing character: There is no ن ("646) in font ec-lmr12!
Missing character: There is no م ("645) in font ec-lmr12!
Missing character: There is no و ("648) in font ec-lmr12!
Missing character: There is no ذ ("630) in font ec-lmr12!
Missing character: There is no ج ("62C) in font ec-lmr12!
Missing character: There is no ل ("644) in font ec-lmr12!
Missing character: There is no ل ("644) in font ec-lmr12!
Missing character: There is no ذ ("630) in font ec-lmr12!
Missing character: There is no ك ("643) in font ec-lmr12!
Missing character: There is no ا ("627) in font ec-lmr12!
Missing character: There is no ء ("621) in font ec-lmr12!
Missing character: There is no ا ("627) in font ec-lmr12!
Missing character: There is no ل ("644) in font ec-lmr12!
Missing character: There is no ا ("627) in font ec-lmr12!
Missing character: There is no ص ("635) in font ec-lmr12!
Missing character: There is no ط ("637) in font ec-lmr12!
Missing character: There is no ن ("646) in font ec-lmr12!
Missing character: There is no ا ("627) in font ec-lmr12!
Missing character: There is no ع ("639) in font ec-lmr12!
Missing character: There is no ي ("64A) in font ec-lmr12!
Missing character: There is no ، ("60C) in font ec-lmr12!
Missing character: There is no م ("645) in font ec-lmr12!
Missing character: There is no ع ("639) in font ec-lmr12!
Missing character: There is no ت ("62A) in font ec-lmr12!
Missing character: There is no ز ("632) in font ec-lmr12!
Missing character: There is no و ("648) in font ec-lmr12!
Missing character: There is no ي ("64A) in font ec-lmr12!
Missing character: There is no د ("62F) in font ec-lmr12!
Missing character: There is no ا ("627) in font ec-lmr12!
Missing character: There is no ل ("644) in font ec-lmr12!
Missing character: There is no م ("645) in font ec-lmr12!
Missing character: There is no ع ("639) in font ec-lmr12!
Missing character: There is no ل ("644) in font ec-lmr12!
Missing character: There is no م ("645) in font ec-lmr12!
Missing character: There is no ي ("64A) in font ec-lmr12!
Missing character: There is no ن ("646) in font ec-lmr12!
Missing character: There is no ب ("628) in font ec-lmr12!
Missing character: There is no ل ("644) in font ec-lmr12!
Missing character: There is no و ("648) in font ec-lmr12!
Missing character: There is no ح ("62D) in font ec-lmr12!
Missing character: There is no ة ("629) in font ec-lmr12!
Missing character: There is no ت ("62A) in font ec-lmr12!
Missing character: There is no ح ("62D) in font ec-lmr12!
Missing character: There is no ك ("643) in font ec-lmr12!
Missing character: There is no م ("645) in font ec-lmr12!
Missing character: There is no ش ("634) in font ec-lmr12!
Missing character: There is no ا ("627) in font ec-lmr12!
Missing character: There is no م ("645) in font ec-lmr12!
Missing character: There is no ل ("644) in font ec-lmr12!
Missing character: There is no ة ("629) in font ec-lmr12!
Missing character: There is no ل ("644) in font ec-lmr12!
Missing character: There is no م ("645) in font ec-lmr12!
Missing character: There is no ر ("631) in font ec-lmr12!
Missing character: There is no ا ("627) in font ec-lmr12!
Missing character: There is no ج ("62C) in font ec-lmr12!
Missing character: There is no ع ("639) in font ec-lmr12!
Missing character: There is no ة ("629) in font ec-lmr12!
Missing character: There is no و ("648) in font ec-lmr12!
Missing character: There is no إ ("625) in font ec-lmr12!
Missing character: There is no د ("62F) in font ec-lmr12!
Missing character: There is no ا ("627) in font ec-lmr12!
Missing character: There is no ر ("631) in font ec-lmr12!
Missing character: There is no ة ("629) in font ec-lmr12!
Missing character: There is no ت ("62A) in font ec-lmr12!
Missing character: There is no ق ("642) in font ec-lmr12!
Missing character: There is no د ("62F) in font ec-lmr12!
Missing character: There is no م ("645) in font ec-lmr12!
Missing character: There is no ا ("627) in font ec-lmr12!
Missing character: There is no ل ("644) in font ec-lmr12!
Missing character: There is no ط ("637) in font ec-lmr12!
Missing character: There is no ل ("644) in font ec-lmr12!
Missing character: There is no ا ("627) in font ec-lmr12!
Missing character: There is no ب ("628) in font ec-lmr12!
Missing character: There is no ا ("627) in font ec-lmbx12!
Missing character: There is no ل ("644) in font ec-lmbx12!
Missing character: There is no ك ("643) in font ec-lmbx12!
Missing character: There is no ل ("644) in font ec-lmbx12!
Missing character: There is no م ("645) in font ec-lmbx12!
Missing character: There is no ا ("627) in font ec-lmbx12!
Missing character: There is no ت ("62A) in font ec-lmbx12!
Missing character: There is no ا ("627) in font ec-lmbx12!
Missing character: There is no ل ("644) in font ec-lmbx12!
Missing character: There is no م ("645) in font ec-lmbx12!
Missing character: There is no ف ("641) in font ec-lmbx12!
Missing character: There is no ت ("62A) in font ec-lmbx12!
Missing character: There is no ا ("627) in font ec-lmbx12!
Missing character: There is no ح ("62D) in font ec-lmbx12!
Missing character: There is no ي ("64A) in font ec-lmbx12!
Missing character: There is no ة ("629) in font ec-lmbx12!
Missing character: There is no ا ("627) in font ec-lmr12!
Missing character: There is no ل ("644) in font ec-lmr12!
Missing character: There is no ق ("642) in font ec-lmr12!
Missing character: There is no ر ("631) in font ec-lmr12!
Missing character: There is no آ ("622) in font ec-lmr12!
Missing character: There is no ن ("646) in font ec-lmr12!
Missing character: There is no ، ("60C) in font ec-lmr12!
Missing character: There is no ا ("627) in font ec-lmr12!
Missing character: There is no ل ("644) in font ec-lmr12!
Missing character: There is no ت ("62A) in font ec-lmr12!
Missing character: There is no ج ("62C) in font ec-lmr12!
Missing character: There is no و ("648) in font ec-lmr12!
Missing character: There is no ي ("64A) in font ec-lmr12!
Missing character: There is no د ("62F) in font ec-lmr12!
Missing character: There is no ، ("60C) in font ec-lmr12!
Missing character: There is no ا ("627) in font ec-lmr12!
Missing character: There is no ل ("644) in font ec-lmr12!
Missing character: There is no ذ ("630) in font ec-lmr12!
Missing character: There is no ك ("643) in font ec-lmr12!
Missing character: There is no ا ("627) in font ec-lmr12!
Missing character: There is no ء ("621) in font ec-lmr12!
Missing character: There is no ا ("627) in font ec-lmr12!
Missing character: There is no ل ("644) in font ec-lmr12!
Missing character: There is no ا ("627) in font ec-lmr12!
Missing character: There is no ص ("635) in font ec-lmr12!
Missing character: There is no ط ("637) in font ec-lmr12!
Missing character: There is no ن ("646) in font ec-lmr12!
Missing character: There is no ا ("627) in font ec-lmr12!
Missing character: There is no ع ("639) in font ec-lmr12!
Missing character: There is no ي ("64A) in font ec-lmr12!
Missing character: There is no ، ("60C) in font ec-lmr12!
Missing character: There is no ا ("627) in font ec-lmr12!
Missing character: There is no ل ("644) in font ec-lmr12!
Missing character: There is no ت ("62A) in font ec-lmr12!
Missing character: There is no ع ("639) in font ec-lmr12!
Missing character: There is no ر ("631) in font ec-lmr12!
Missing character: There is no ف ("641) in font ec-lmr12!
Missing character: There is no ع ("639) in font ec-lmr12!
Missing character: There is no ل ("644) in font ec-lmr12!
Missing character: There is no ى ("649) in font ec-lmr12!
Missing character: There is no ا ("627) in font ec-lmr12!
Missing character: There is no ل ("644) in font ec-lmr12!
Missing character: There is no ص ("635) in font ec-lmr12!
Missing character: There is no و ("648) in font ec-lmr12!
Missing character: There is no ت ("62A) in font ec-lmr12!
Missing character: There is no ، ("60C) in font ec-lmr12!
Missing character: There is no ، ("60C) in font ec-lmr12!
Missing character: There is no ، ("60C) in font ec-lmr12!
Missing character: There is no ت ("62A) in font ec-lmr12!
Missing character: There is no ط ("637) in font ec-lmr12!
Missing character: There is no ب ("628) in font ec-lmr12!
Missing character: There is no ي ("64A) in font ec-lmr12!
Missing character: There is no ق ("642) in font ec-lmr12!
Missing character: There is no م ("645) in font ec-lmr12!
Missing character: There is no ح ("62D) in font ec-lmr12!
Missing character: There is no م ("645) in font ec-lmr12!
Missing character: There is no و ("648) in font ec-lmr12!
Missing character: There is no ل ("644) in font ec-lmr12!
Missing character: There is no ، ("60C) in font ec-lmr12!
Missing character: There is no ا ("627) in font ec-lmr12!
Missing character: There is no ل ("644) in font ec-lmr12!
Missing character: There is no ت ("62A) in font ec-lmr12!
Missing character: There is no ع ("639) in font ec-lmr12!
Missing character: There is no ل ("644) in font ec-lmr12!
Missing character: There is no م ("645) in font ec-lmr12!
Missing character: There is no ا ("627) in font ec-lmr12!
Missing character: There is no ل ("644) in font ec-lmr12!
Missing character: There is no إ ("625) in font ec-lmr12!
Missing character: There is no ل ("644) in font ec-lmr12!
Missing character: There is no ك ("643) in font ec-lmr12!
Missing character: There is no ت ("62A) in font ec-lmr12!
Missing character: There is no ر ("631) in font ec-lmr12!
Missing character: There is no و ("648) in font ec-lmr12!
Missing character: There is no ن ("646) in font ec-lmr12!
Missing character: There is no ي ("64A) in font ec-lmr12!

Package fancyhdr Warning: \headheight is too small (15.0pt): 
(fancyhdr)                Make it at least 24.01996pt, for example:
(fancyhdr)                \setlength{\headheight}{24.01996pt}.
(fancyhdr)                You might also make \topmargin smaller to compensate:

(fancyhdr)                \addtolength{\topmargin}{-9.01996pt}.

[4])
\tf@toc=\write5
\openout5 = `main.toc'.

 [5

]
\tf@lof=\write6
\openout6 = `main.lof'.

 [6

]
\tf@lot=\write7
\openout7 = `main.lot'.

 [7

] (chapters/general_introduction [1

]

LaTeX Warning: Reference `ch:state_of_art' on page 2 undefined on input line 34
.


LaTeX Warning: Reference `ch:conceptual' on page 2 undefined on input line 35.


LaTeX Warning: Reference `ch:implementation' on page 2 undefined on input line 
36.

) (chapters/chapter1_state_of_art

Package fancyhdr Warning: \headheight is too small (15.0pt): 
(fancyhdr)                Make it at least 24.01996pt, for example:
(fancyhdr)                \setlength{\headheight}{24.01996pt}.
(fancyhdr)                You might also make \topmargin smaller to compensate:

(fancyhdr)                \addtolength{\topmargin}{-9.01996pt}.

[2]
Chapter 1.

Overfull \hbox (7.46848pt too wide) in paragraph at lines 20--22
\T1/lmr/m/n/12 Traditionally, Tajweed is learned through di-rect in-ter-ac-tion
 with a qual-i-fied teacher (\T1/lmr/m/it/12 Sheikh\T1/lmr/m/n/12 ).
 []

[3

]

Package fancyhdr Warning: \headheight is too small (15.0pt): 
(fancyhdr)                Make it at least 24.01996pt, for example:
(fancyhdr)                \setlength{\headheight}{24.01996pt}.
(fancyhdr)                You might also make \topmargin smaller to compensate:

(fancyhdr)                \addtolength{\topmargin}{-9.01996pt}.

[4]

Package fancyhdr Warning: \headheight is too small (15.0pt): 
(fancyhdr)                Make it at least 24.01996pt, for example:
(fancyhdr)                \setlength{\headheight}{24.01996pt}.
(fancyhdr)                You might also make \topmargin smaller to compensate:

(fancyhdr)                \addtolength{\topmargin}{-9.01996pt}.

[5]

Package fancyhdr Warning: \headheight is too small (15.0pt): 
(fancyhdr)                Make it at least 24.01996pt, for example:
(fancyhdr)                \setlength{\headheight}{24.01996pt}.
(fancyhdr)                You might also make \topmargin smaller to compensate:

(fancyhdr)                \addtolength{\topmargin}{-9.01996pt}.

[6]

LaTeX Warning: Reference `ch:conceptual' on page 7 undefined on input line 144.


) (chapters/chapter2_conceptual_study

Package fancyhdr Warning: \headheight is too small (15.0pt): 
(fancyhdr)                Make it at least 24.01996pt, for example:
(fancyhdr)                \setlength{\headheight}{24.01996pt}.
(fancyhdr)                You might also make \topmargin smaller to compensate:

(fancyhdr)                \addtolength{\topmargin}{-9.01996pt}.

[7]
Chapter 2.
[8

]

Package fancyhdr Warning: \headheight is too small (15.0pt): 
(fancyhdr)                Make it at least 24.01996pt, for example:
(fancyhdr)                \setlength{\headheight}{24.01996pt}.
(fancyhdr)                You might also make \topmargin smaller to compensate:

(fancyhdr)                \addtolength{\topmargin}{-9.01996pt}.

[9]
Underfull \hbox (badness 10000) in paragraph at lines 91--92
[]|\T1/lmr/m/n/12 The backend-as-a-service han-dling au-then-ti-ca-tion,
 []


Package fancyhdr Warning: \headheight is too small (15.0pt): 
(fancyhdr)                Make it at least 24.01996pt, for example:
(fancyhdr)                \setlength{\headheight}{24.01996pt}.
(fancyhdr)                You might also make \topmargin smaller to compensate:

(fancyhdr)                \addtolength{\topmargin}{-9.01996pt}.

[10]
Overfull \hbox (10.29932pt too wide) in paragraph at lines 129--129
 []\T1/lmr/m/n/10.95 (Email/Password) 
 []

LaTeX Font Info:    External font `lmex10' loaded for size
(Font)              <5> on input line 129.

Package fancyhdr Warning: \headheight is too small (15.0pt): 
(fancyhdr)                Make it at least 24.01996pt, for example:
(fancyhdr)                \setlength{\headheight}{24.01996pt}.
(fancyhdr)                You might also make \topmargin smaller to compensate:

(fancyhdr)                \addtolength{\topmargin}{-9.01996pt}.

[11]

! LaTeX Error: Something's wrong--perhaps a missing \item.

See the LaTeX manual or LaTeX Companion for explanation.
Type  H <return>  for immediate help.
 ...                                              
                                                  
l.181   }
         
Output written on main.xdv (19 pages, 105012 bytes).
